This is pdfTeX, Version 3.1415926-2.5-1.40.14 (TeX Live 2013) (format=pdflatex 2014.1.6)  30 APR 2015 11:31
entering extended mode
 restricted \write18 enabled.
 %&-line parsing enabled.
**take.tex
(./take.tex
LaTeX2e <2011/06/27>
Babel <3.9f> and hyphenation patterns for 78 languages loaded.
(/usr/local/texlive/2013/texmf-dist/tex/latex/base/book.cls
Document Class: book 2007/10/19 v1.4h Standard LaTeX document class
(/usr/local/texlive/2013/texmf-dist/tex/latex/base/bk10.clo
File: bk10.clo 2007/10/19 v1.4h Standard LaTeX file (size option)
)
\c@part=\count79
\c@chapter=\count80
\c@section=\count81
\c@subsection=\count82
\c@subsubsection=\count83
\c@paragraph=\count84
\c@subparagraph=\count85
\c@figure=\count86
\c@table=\count87
\abovecaptionskip=\skip41
\belowcaptionskip=\skip42
\bibindent=\dimen102
) (./take.sty
(/usr/local/texlive/2013/texmf-dist/tex/latex/base/makeidx.sty
Package: makeidx 2000/03/29 v1.0m Standard LaTeX package
)
(/usr/local/texlive/2013/texmf-dist/tex/latex/here/here.sty)
(/usr/local/texlive/2013/texmf-dist/tex/latex/float/float.sty
Package: float 2001/11/08 v1.3d Float enhancements (AL)
\c@float@type=\count88
\float@exts=\toks14
\float@box=\box26
\@float@everytoks=\toks15
\@floatcapt=\box27
)
(/usr/local/texlive/2013/texmf-dist/tex/latex/multirow/multirow.sty
\bigstrutjot=\dimen103
)
(/usr/local/texlive/2013/texmf-dist/tex/latex/graphics/graphicx.sty
Package: graphicx 1999/02/16 v1.0f Enhanced LaTeX Graphics (DPC,SPQR)

(/usr/local/texlive/2013/texmf-dist/tex/latex/graphics/keyval.sty
Package: keyval 1999/03/16 v1.13 key=value parser (DPC)
\KV@toks@=\toks16
)
(/usr/local/texlive/2013/texmf-dist/tex/latex/graphics/graphics.sty
Package: graphics 2009/02/05 v1.0o Standard LaTeX Graphics (DPC,SPQR)

(/usr/local/texlive/2013/texmf-dist/tex/latex/graphics/trig.sty
Package: trig 1999/03/16 v1.09 sin cos tan (DPC)
)
(/usr/local/texlive/2013/texmf-dist/tex/latex/latexconfig/graphics.cfg
File: graphics.cfg 2010/04/23 v1.9 graphics configuration of TeX Live
)
Package graphics Info: Driver file: pdftex.def on input line 91.

(/usr/local/texlive/2013/texmf-dist/tex/latex/pdftex-def/pdftex.def
File: pdftex.def 2011/05/27 v0.06d Graphics/color for pdfTeX

(/usr/local/texlive/2013/texmf-dist/tex/generic/oberdiek/infwarerr.sty
Package: infwarerr 2010/04/08 v1.3 Providing info/warning/error messages (HO)
)
(/usr/local/texlive/2013/texmf-dist/tex/generic/oberdiek/ltxcmds.sty
Package: ltxcmds 2011/11/09 v1.22 LaTeX kernel commands for general use (HO)
)
\Gread@gobject=\count89
))
\Gin@req@height=\dimen104
\Gin@req@width=\dimen105
)
(/usr/local/texlive/2013/texmf-dist/tex/platex/base/ascmac.sty
(/usr/local/texlive/2013/texmf-dist/tex/platex/base/tascmac.sty
\@savetbaselineshift=\dimen106
\@saveybaselineshift=\dimen107
\scb@x=\box28
\scscb@x=\box29
\@bw=\dimen108
\@nbox=\box30
\@nbody=\box31
\@scw=\dimen109
\@itemh=\dimen110
\@iboxpos=\toks17
\@iboxstr=\box32
\@bwsp=\box33
\@@bwsp=\box34
\@bcal=\count90
\shaderule=\dimen111
))
(/usr/local/texlive/2013/texmf-dist/tex/latex/fancyvrb/fancyvrb.sty
Package: fancyvrb 2008/02/07

Style option: `fancyvrb' v2.7a, with DG/SPQR fixes, and firstline=lastline fix 
<2008/02/07> (tvz)
\FV@CodeLineNo=\count91
\FV@InFile=\read1
\FV@TabBox=\box35
\c@FancyVerbLine=\count92
\FV@StepNumber=\count93
\FV@OutFile=\write3
)
(/usr/local/texlive/2013/texmf-dist/tex/latex/tools/tabularx.sty
Package: tabularx 1999/01/07 v2.07 `tabularx' package (DPC)

(/usr/local/texlive/2013/texmf-dist/tex/latex/tools/array.sty
Package: array 2008/09/09 v2.4c Tabular extension package (FMi)
\col@sep=\dimen112
\extrarowheight=\dimen113
\NC@list=\toks18
\extratabsurround=\skip43
\backup@length=\skip44
)
\TX@col@width=\dimen114
\TX@old@table=\dimen115
\TX@old@col=\dimen116
\TX@target=\dimen117
\TX@delta=\dimen118
\TX@cols=\count94
\TX@ftn=\toks19
)
(/usr/local/texlive/2013/texmf-dist/tex/latex/tools/bm.sty
Package: bm 2004/02/26 v1.1c Bold Symbol Support (DPC/FMi)
\symboldoperators=\mathgroup4
\symboldletters=\mathgroup5
\symboldsymbols=\mathgroup6
LaTeX Font Info:    Redeclaring math alphabet \mathbf on input line 138.
LaTeX Info: Redefining \bm on input line 204.
)
(/usr/local/texlive/2013/texmf-dist/tex/latex/algorithmicx/algorithmicx.sty
Package: algorithmicx 2005/04/27 v1.2 Algorithmicx

(/usr/local/texlive/2013/texmf-dist/tex/latex/base/ifthen.sty
Package: ifthen 2001/05/26 v1.1c Standard LaTeX ifthen package (DPC)
)
Document Style algorithmicx 1.2 - a greatly improved `algorithmic' style
\c@ALG@line=\count95
\c@ALG@rem=\count96
\c@ALG@nested=\count97
\ALG@tlm=\skip45
\ALG@thistlm=\skip46
\c@ALG@Lnr=\count98
\c@ALG@blocknr=\count99
\c@ALG@storecount=\count100
\c@ALG@tmpcounter=\count101
\ALG@tmplength=\skip47
) (/usr/local/texlive/2013/texmf-dist/tex/latex/algorithmicx/algpseudocode.sty
Package: algpseudocode 

Document Style - pseudocode environments for use with the `algorithmicx' style
) (/usr/local/texlive/2013/texmf-dist/tex/latex/algorithms/algorithm.sty
Package: algorithm 2009/08/24 v0.1 Document Style `algorithm' - floating enviro
nment
\@float@every@algorithm=\toks20
\c@algorithm=\count102
)
(/usr/local/texlive/2013/texmf-dist/tex/latex/url/url.sty
\Urlmuskip=\muskip10
Package: url 2006/04/12  ver 3.3  Verb mode for urls, etc.
)
(/usr/local/texlive/2013/texmf-dist/tex/latex/parskip/parskip.sty
Package: parskip 2001/04/09 non-zero parskip adjustments
)
(/usr/local/texlive/2013/texmf-dist/tex/latex/hyperref/hyperref.sty
Package: hyperref 2012/11/06 v6.83m Hypertext links for LaTeX

(/usr/local/texlive/2013/texmf-dist/tex/generic/oberdiek/hobsub-hyperref.sty
Package: hobsub-hyperref 2012/05/28 v1.13 Bundle oberdiek, subset hyperref (HO)


(/usr/local/texlive/2013/texmf-dist/tex/generic/oberdiek/hobsub-generic.sty
Package: hobsub-generic 2012/05/28 v1.13 Bundle oberdiek, subset generic (HO)
Package: hobsub 2012/05/28 v1.13 Construct package bundles (HO)
Package hobsub Info: Skipping package `infwarerr' (already loaded).
Package hobsub Info: Skipping package `ltxcmds' (already loaded).
Package: ifluatex 2010/03/01 v1.3 Provides the ifluatex switch (HO)
Package ifluatex Info: LuaTeX not detected.
Package: ifvtex 2010/03/01 v1.5 Detect VTeX and its facilities (HO)
Package ifvtex Info: VTeX not detected.
Package: intcalc 2007/09/27 v1.1 Expandable calculations with integers (HO)
Package: ifpdf 2011/01/30 v2.3 Provides the ifpdf switch (HO)
Package ifpdf Info: pdfTeX in PDF mode is detected.
Package: etexcmds 2011/02/16 v1.5 Avoid name clashes with e-TeX commands (HO)
Package etexcmds Info: Could not find \expanded.
(etexcmds)             That can mean that you are not using pdfTeX 1.50 or
(etexcmds)             that some package has redefined \expanded.
(etexcmds)             In the latter case, load this package earlier.
Package: kvsetkeys 2012/04/25 v1.16 Key value parser (HO)
Package: kvdefinekeys 2011/04/07 v1.3 Define keys (HO)
Package: pdftexcmds 2011/11/29 v0.20 Utility functions of pdfTeX for LuaTeX (HO
)
Package pdftexcmds Info: LuaTeX not detected.
Package pdftexcmds Info: \pdf@primitive is available.
Package pdftexcmds Info: \pdf@ifprimitive is available.
Package pdftexcmds Info: \pdfdraftmode found.
Package: pdfescape 2011/11/25 v1.13 Implements pdfTeX's escape features (HO)
Package: bigintcalc 2012/04/08 v1.3 Expandable calculations on big integers (HO
)
Package: bitset 2011/01/30 v1.1 Handle bit-vector datatype (HO)
Package: uniquecounter 2011/01/30 v1.2 Provide unlimited unique counter (HO)
)
Package hobsub Info: Skipping package `hobsub' (already loaded).
Package: letltxmacro 2010/09/02 v1.4 Let assignment for LaTeX macros (HO)
Package: hopatch 2012/05/28 v1.2 Wrapper for package hooks (HO)
Package: xcolor-patch 2011/01/30 xcolor patch
Package: atveryend 2011/06/30 v1.8 Hooks at the very end of document (HO)
Package atveryend Info: \enddocument detected (standard20110627).
Package: atbegshi 2011/10/05 v1.16 At begin shipout hook (HO)
Package: refcount 2011/10/16 v3.4 Data extraction from label references (HO)
Package: hycolor 2011/01/30 v1.7 Color options for hyperref/bookmark (HO)
)
(/usr/local/texlive/2013/texmf-dist/tex/generic/ifxetex/ifxetex.sty
Package: ifxetex 2010/09/12 v0.6 Provides ifxetex conditional
)
(/usr/local/texlive/2013/texmf-dist/tex/latex/oberdiek/auxhook.sty
Package: auxhook 2011/03/04 v1.3 Hooks for auxiliary files (HO)
)
(/usr/local/texlive/2013/texmf-dist/tex/latex/oberdiek/kvoptions.sty
Package: kvoptions 2011/06/30 v3.11 Key value format for package options (HO)
)
\@linkdim=\dimen119
\Hy@linkcounter=\count103
\Hy@pagecounter=\count104

(/usr/local/texlive/2013/texmf-dist/tex/latex/hyperref/pd1enc.def
File: pd1enc.def 2012/11/06 v6.83m Hyperref: PDFDocEncoding definition (HO)
)
\Hy@SavedSpaceFactor=\count105

(/usr/local/texlive/2013/texmf-dist/tex/latex/latexconfig/hyperref.cfg
File: hyperref.cfg 2002/06/06 v1.2 hyperref configuration of TeXLive
)

! Package hyperref Error: Wrong DVI mode driver option `dvipdfmx',
(hyperref)                because pdfTeX or LuaTeX is running in PDF mode.

See the hyperref package documentation for explanation.
Type  H <return>  for immediate help.
 ...                                              
                                                  
l.4319 \ProcessKeyvalOptions{Hyp}
                                 
? 
Package hyperref Info: Option `bookmarks' set `true' on input line 4319.
Package hyperref Info: Option `bookmarksnumbered' set `true' on input line 4319
.
Package hyperref Info: Option `colorlinks' set `true' on input line 4319.
Package hyperref Info: Hyper figures OFF on input line 4443.
Package hyperref Info: Link nesting OFF on input line 4448.
Package hyperref Info: Hyper index ON on input line 4451.
Package hyperref Info: Plain pages OFF on input line 4458.
Package hyperref Info: Backreferencing OFF on input line 4463.
Package hyperref Info: Implicit mode ON; LaTeX internals redefined.
Package hyperref Info: Bookmarks ON on input line 4688.
\c@Hy@tempcnt=\count106
LaTeX Info: Redefining \url on input line 5041.
\XeTeXLinkMargin=\dimen120
\Fld@menulength=\count107
\Field@Width=\dimen121
\Fld@charsize=\dimen122
Package hyperref Info: Hyper figures OFF on input line 6295.
Package hyperref Info: Link nesting OFF on input line 6300.
Package hyperref Info: Hyper index ON on input line 6303.
Package hyperref Info: backreferencing OFF on input line 6310.
Package hyperref Info: Link coloring ON on input line 6313.
Package hyperref Info: Link coloring with OCG OFF on input line 6320.
Package hyperref Info: PDF/A mode OFF on input line 6325.
LaTeX Info: Redefining \ref on input line 6365.
LaTeX Info: Redefining \pageref on input line 6369.
\Hy@abspage=\count108
\c@Item=\count109
\c@Hfootnote=\count110
)

Package hyperref Message: Driver (autodetected): hpdftex.

(/usr/local/texlive/2013/texmf-dist/tex/latex/hyperref/hpdftex.def
File: hpdftex.def 2012/11/06 v6.83m Hyperref driver for pdfTeX
\Fld@listcount=\count111
\c@bookmark@seq@number=\count112

(/usr/local/texlive/2013/texmf-dist/tex/latex/oberdiek/rerunfilecheck.sty
Package: rerunfilecheck 2011/04/15 v1.7 Rerun checks for auxiliary files (HO)
Package uniquecounter Info: New unique counter `rerunfilecheck' on input line 2
82.
)
\Hy@SectionHShift=\skip48
)
\verbatimbaselineskip=\dimen123
)
(./take.aux (./abstract.aux) (./mitemset.aux) (./msequence.aux)
(./mpolishing.aux) (./mtra2g.aux) (./mclique.aux) (./mclique2g.aux

LaTeX Warning: Label `fig:clique2g_1' multiply defined.


LaTeX Warning: Label `fig:clique2g_1' multiply defined.

) (./mbiclique.aux) (./mgdiff.aux) (./mcliqueInfo.aux

LaTeX Warning: Label `fig:mcinfo_2' multiply defined.


LaTeX Warning: Label `fig:mcinfo_2' multiply defined.

) (./bib.aux))
\openout1 = `take.aux'.

LaTeX Font Info:    Checking defaults for OML/cmm/m/it on input line 7.
LaTeX Font Info:    ... okay on input line 7.
LaTeX Font Info:    Checking defaults for T1/cmr/m/n on input line 7.
LaTeX Font Info:    ... okay on input line 7.
LaTeX Font Info:    Checking defaults for OT1/cmr/m/n on input line 7.
LaTeX Font Info:    ... okay on input line 7.
LaTeX Font Info:    Checking defaults for OMS/cmsy/m/n on input line 7.
LaTeX Font Info:    ... okay on input line 7.
LaTeX Font Info:    Checking defaults for OMX/cmex/m/n on input line 7.
LaTeX Font Info:    ... okay on input line 7.
LaTeX Font Info:    Checking defaults for U/cmr/m/n on input line 7.
LaTeX Font Info:    ... okay on input line 7.
LaTeX Font Info:    Checking defaults for PD1/pdf/m/n on input line 7.
LaTeX Font Info:    ... okay on input line 7.

(/usr/local/texlive/2013/texmf-dist/tex/context/base/supp-pdf.mkii
[Loading MPS to PDF converter (version 2006.09.02).]
\scratchcounter=\count113
\scratchdimen=\dimen124
\scratchbox=\box36
\nofMPsegments=\count114
\nofMParguments=\count115
\everyMPshowfont=\toks21
\MPscratchCnt=\count116
\MPscratchDim=\dimen125
\MPnumerator=\count117
\makeMPintoPDFobject=\count118
\everyMPtoPDFconversion=\toks22
) (/usr/local/texlive/2013/texmf-dist/tex/latex/oberdiek/epstopdf-base.sty
Package: epstopdf-base 2010/02/09 v2.5 Base part for package epstopdf

(/usr/local/texlive/2013/texmf-dist/tex/latex/oberdiek/grfext.sty
Package: grfext 2010/08/19 v1.1 Manage graphics extensions (HO)
)
Package grfext Info: Graphics extension search list:
(grfext)             [.png,.pdf,.jpg,.mps,.jpeg,.jbig2,.jb2,.PNG,.PDF,.JPG,.JPE
G,.JBIG2,.JB2,.eps]
(grfext)             \AppendGraphicsExtensions on input line 452.

(/usr/local/texlive/2013/texmf-dist/tex/latex/latexconfig/epstopdf-sys.cfg
File: epstopdf-sys.cfg 2010/07/13 v1.3 Configuration of (r)epstopdf for TeX Liv
e
))
\AtBeginShipoutBox=\box37

(/usr/local/texlive/2013/texmf-dist/tex/latex/graphics/color.sty
Package: color 2005/11/14 v1.0j Standard LaTeX Color (DPC)

(/usr/local/texlive/2013/texmf-dist/tex/latex/latexconfig/color.cfg
File: color.cfg 2007/01/18 v1.5 color configuration of teTeX/TeXLive
)
Package color Info: Driver file: pdftex.def on input line 130.
)
Package hyperref Info: Link coloring ON on input line 7.

(/usr/local/texlive/2013/texmf-dist/tex/latex/hyperref/nameref.sty
Package: nameref 2012/10/27 v2.43 Cross-referencing by name of section

(/usr/local/texlive/2013/texmf-dist/tex/generic/oberdiek/gettitlestring.sty
Package: gettitlestring 2010/12/03 v1.4 Cleanup title references (HO)
)
\c@section@level=\count119
)
LaTeX Info: Redefining \ref on input line 7.
LaTeX Info: Redefining \pageref on input line 7.
LaTeX Info: Redefining \nameref on input line 7.

(./take.out) (./take.out)
\@outlinefile=\write4
\openout4 = `take.out'.

Missing character: There is no ç in font cmr17!
Missing character: There is no « in font cmr17!
Missing character: There is no ¹ in font cmr17!
LaTeX Font Info:    Try loading font information for OMS+cmr on input line 25.

(/usr/local/texlive/2013/texmf-dist/tex/latex/base/omscmr.fd
File: omscmr.fd 1999/05/25 v2.5h Standard LaTeX font definitions
)
LaTeX Font Info:    Font shape `OMS/cmr/m/n' in size <9> not available
(Font)              Font shape `OMS/cmsy/m/n' tried instead on input line 25.
 [1


{/usr/local/texlive/2013/texmf-var/fonts/map/pdftex/updmap/pdftex.map}] [2

] (./take.toc
LaTeX Font Info:    External font `cmex10' loaded for size
(Font)              <7> on input line 2.
LaTeX Font Info:    External font `cmex10' loaded for size
(Font)              <5> on input line 2.
)
\tf@toc=\write5
\openout5 = `take.toc'.


[3] [4

]
Chapter 1.
[5]
\openout2 = `abstract.aux'.

 (./abstract.tex) [6

]
Chapter 2.
[7


]
\openout2 = `mitemset.aux'.

 (./mitemset.tex
LaTeX Font Info:    Font shape `OMS/cmr/m/n' in size <10> not available
(Font)              Font shape `OMS/cmsy/m/n' tried instead on input line 8.
LaTeX Font Info:    External font `cmex10' loaded for size
(Font)              <9> on input line 35.
LaTeX Font Info:    External font `cmex10' loaded for size
(Font)              <6> on input line 35.
 [8

]
Underfull \hbox (badness 10000) in paragraph at lines 220--220
[]\OT1/cmr/m/n/10 Table 2.7: []Item-
 []


Underfull \hbox (badness 10000) in paragraph at lines 220--220
\OT1/cmr/m/n/10 classification map-ping
 []


Overfull \hbox (21.99998pt too wide) in paragraph at lines 196--279
 [] 
 []


Underfull \hbox (badness 2205) in paragraph at lines 324--324
[]\OT1/cmr/m/n/10 Table 2.11: []Contents of tid-
 []

[9] [10] (./examples/tex/mitemset_ex.tex [11]
Underfull \vbox (badness 10000) has occurred while \output is active []

 [12]
[13] [14] [15]) [16] [17]
Package epstopdf Info: Source file: <./ep.eps>
(epstopdf)                    date: 2015-01-29 12:01:52
(epstopdf)                    size: 185472 bytes
(epstopdf)             Output file: <./ep-eps-converted-to.pdf>
(epstopdf)             Command: <repstopdf --outfile=./ep-eps-converted-to.pdf 
./ep.eps>
(epstopdf)             \includegraphics on input line 513.
runsystem(repstopdf --outfile=./ep-eps-converted-to.pdf ./ep.eps)...executed sa
fely (allowed).

Package epstopdf Info: Result file: <./ep-eps-converted-to.pdf>
(epstopdf)                    date: 2015-04-30 11:31:24
(epstopdf)                    size: 28905 bytes.

<./ep-eps-converted-to.pdf, id=246, 230.8625pt x 198.7425pt>
File: ./ep-eps-converted-to.pdf Graphic file (type pdf)

<use ./ep-eps-converted-to.pdf>
Package pdftex.def Info: ./ep-eps-converted-to.pdf used on input line 513.
(pdftex.def)             Requested size: 115.43095pt x 99.371pt.
Package epstopdf Info: Source file: <./cp.eps>
(epstopdf)                    date: 2015-01-29 12:01:52
(epstopdf)                    size: 185604 bytes
(epstopdf)             Output file: <./cp-eps-converted-to.pdf>
(epstopdf)             Command: <repstopdf --outfile=./cp-eps-converted-to.pdf 
./cp.eps>
(epstopdf)             \includegraphics on input line 520.
runsystem(repstopdf --outfile=./cp-eps-converted-to.pdf ./cp.eps)...executed sa
fely (allowed).

Package epstopdf Info: Result file: <./cp-eps-converted-to.pdf>
(epstopdf)                    date: 2015-04-30 11:31:25
(epstopdf)                    size: 28970 bytes.

<./cp-eps-converted-to.pdf, id=247, 229.85875pt x 188.705pt>
File: ./cp-eps-converted-to.pdf Graphic file (type pdf)

<use ./cp-eps-converted-to.pdf>
Package pdftex.def Info: ./cp-eps-converted-to.pdf used on input line 520.
(pdftex.def)             Requested size: 114.92908pt x 94.35226pt.
Package epstopdf Info: Source file: <./epcp.eps>
(epstopdf)                    date: 2015-01-29 12:01:52
(epstopdf)                    size: 255625 bytes
(epstopdf)             Output file: <./epcp-eps-converted-to.pdf>
(epstopdf)             Command: <repstopdf --outfile=./epcp-eps-converted-to.pd
f ./epcp.eps>
(epstopdf)             \includegraphics on input line 527.
runsystem(repstopdf --outfile=./epcp-eps-converted-to.pdf ./epcp.eps)...execute
d safely (allowed).

Package epstopdf Info: Result file: <./epcp-eps-converted-to.pdf>
(epstopdf)                    date: 2015-04-30 11:31:26
(epstopdf)                    size: 43990 bytes.

<./epcp-eps-converted-to.pdf, id=248, 340.27126pt x 204.765pt>
File: ./epcp-eps-converted-to.pdf Graphic file (type pdf)

<use ./epcp-eps-converted-to.pdf>
Package pdftex.def Info: ./epcp-eps-converted-to.pdf used on input line 527.
(pdftex.def)             Requested size: 170.13521pt x 102.38223pt.

Overfull \hbox (25.02469pt too wide) in paragraph at lines 527--528
 [] 
 []

[18 <./ep-eps-converted-to.pdf> <./cp-eps-converted-to.pdf> <./epcp-eps-convert
ed-to.pdf>]) [19]
\openout2 = `msequence.aux'.

 (./msequence.tex
Missing character: There is no ã in font cmr9!
Missing character: There is no ‚ in font cmr9!
Missing character: There is no · in font cmr9!
Missing character: There is no ã in font cmr9!
Missing character: There is no ƒ in font cmr9!
Missing character: There is no ¼ in font cmr9!
Missing character: There is no ã in font cmr9!
Missing character: There is no ‚ in font cmr9!
Missing character: There is no ± in font cmr9!
Missing character: There is no ã in font cmr9!
Missing character: There is no ƒ in font cmr9!
Missing character: There is no ³ in font cmr9!
Missing character: There is no ã in font cmr9!
Missing character: There is no ‚ in font cmr9!
Missing character: There is no ¹ in font cmr9!

Overfull \hbox (18.66664pt too wide) in paragraph at lines 23--86
 [] 
 []

[20


]
LaTeX Font Info:    External font `cmex10' loaded for size
(Font)              <8> on input line 181.

Overfull \hbox (22.3311pt too wide) in paragraph at lines 205--208
\OT1/cmr/m/n/10 This com-mand re-turns two sets of out-put data, the first set 
is the enu-mer-ated se-quen-tial pat-tern data ([]\OT1/cmtt/m/n/10 patterns.csv
\OT1/cmr/m/n/10 ),
 []


Underfull \hbox (badness 10000) in paragraph at lines 205--208

 []

[21]
Underfull \vbox (badness 10000) has occurred while \output is active []

 [22]
Overfull \hbox (46.54854pt too wide) in paragraph at lines 337--337
[]  \OT1/cmtt/m/n/10 gap=     Upper limit of pattern gap length (integer above 
0) [optional: 0=without limit, default:0][] 
 []

(./examples/tex/msequence_ex.tex [23] [24] [25] [26])) [27]
\openout2 = `mpolishing.aux'.

 (./mpolishing.tex
Package epstopdf Info: Source file: <./polish0.eps>
(epstopdf)                    date: 2015-01-29 12:01:52
(epstopdf)                    size: 1449300 bytes
(epstopdf)             Output file: <./polish0-eps-converted-to.pdf>
(epstopdf)             Command: <repstopdf --outfile=./polish0-eps-converted-to
.pdf ./polish0.eps>
(epstopdf)             \includegraphics on input line 16.
runsystem(repstopdf --outfile=./polish0-eps-converted-to.pdf ./polish0.eps)...e
xecuted safely (allowed).

Package epstopdf Info: Result file: <./polish0-eps-converted-to.pdf>
(epstopdf)                    date: 2015-04-30 11:31:27
(epstopdf)                    size: 113338 bytes.

<./polish0-eps-converted-to.pdf, id=360, 239.89626pt x 229.85875pt>
File: ./polish0-eps-converted-to.pdf Graphic file (type pdf)

<use ./polish0-eps-converted-to.pdf>
Package pdftex.def Info: ./polish0-eps-converted-to.pdf used on input line 16.
(pdftex.def)             Requested size: 119.94783pt x 114.92908pt.
Package epstopdf Info: Source file: <./polish1.eps>
(epstopdf)                    date: 2015-01-29 12:01:52
(epstopdf)                    size: 1438131 bytes
(epstopdf)             Output file: <./polish1-eps-converted-to.pdf>
(epstopdf)             Command: <repstopdf --outfile=./polish1-eps-converted-to
.pdf ./polish1.eps>
(epstopdf)             \includegraphics on input line 23.
runsystem(repstopdf --outfile=./polish1-eps-converted-to.pdf ./polish1.eps)...e
xecuted safely (allowed).

Package epstopdf Info: Result file: <./polish1-eps-converted-to.pdf>
(epstopdf)                    date: 2015-04-30 11:31:28
(epstopdf)                    size: 92174 bytes.

<./polish1-eps-converted-to.pdf, id=361, 234.8775pt x 232.87pt>
File: ./polish1-eps-converted-to.pdf Graphic file (type pdf)

<use ./polish1-eps-converted-to.pdf>
Package pdftex.def Info: ./polish1-eps-converted-to.pdf used on input line 23.
(pdftex.def)             Requested size: 117.43846pt x 116.43471pt.
Package hyperref Info: bookmark level for unknown algorithm defaults to 0 on in
put line 39.
Package epstopdf Info: Source file: <./sim.eps>
(epstopdf)                    date: 2015-01-29 12:01:52
(epstopdf)                    size: 1390135 bytes
(epstopdf)             Output file: <./sim-eps-converted-to.pdf>
(epstopdf)             Command: <repstopdf --outfile=./sim-eps-converted-to.pdf
 ./sim.eps>
(epstopdf)             \includegraphics on input line 71.
runsystem(repstopdf --outfile=./sim-eps-converted-to.pdf ./sim.eps)...executed 
safely (allowed).

Package epstopdf Info: Result file: <./sim-eps-converted-to.pdf>
(epstopdf)                    date: 2015-04-30 11:31:29
(epstopdf)                    size: 14569 bytes.

<./sim-eps-converted-to.pdf, id=366, 262.9825pt x 201.75375pt>
File: ./sim-eps-converted-to.pdf Graphic file (type pdf)

<use ./sim-eps-converted-to.pdf>
Package pdftex.def Info: ./sim-eps-converted-to.pdf used on input line 71.
(pdftex.def)             Requested size: 131.49092pt x 100.87662pt.
Missing character: There is no ã in font cmr10!
Missing character: There is no € in font cmr10!
Missing character: There is no œ in font cmr10!
Missing character: There is no ã in font cmr10!
Missing character: There is no € in font cmr10!
Missing character: There is no œ in font cmr10!
Missing character: There is no ã in font cmr10!
Missing character: There is no € in font cmr10!
Missing character: There is no œ in font cmr10!
Missing character: There is no ã in font cmr10!
Missing character: There is no € in font cmr10!
Missing character: There is no œ in font cmr10!
Missing character: There is no ã in font cmr10!
Missing character: There is no € in font cmr10!
Missing character: There is no œ in font cmr10!
Missing character: There is no ã in font cmr10!
Missing character: There is no € in font cmr10!
Missing character: There is no œ in font cmr10!
 [28


 <./polish0-eps-converted-to.pdf> <./polish1-eps-converted-to.pdf>]
Package epstopdf Info: Source file: <./inputg.eps>
(epstopdf)                    date: 2015-01-29 12:01:52
(epstopdf)                    size: 972714 bytes
(epstopdf)             Output file: <./inputg-eps-converted-to.pdf>
(epstopdf)             Command: <repstopdf --outfile=./inputg-eps-converted-to.
pdf ./inputg.eps>
(epstopdf)             \includegraphics on input line 147.
runsystem(repstopdf --outfile=./inputg-eps-converted-to.pdf ./inputg.eps)...exe
cuted safely (allowed).

Package epstopdf Info: Result file: <./inputg-eps-converted-to.pdf>
(epstopdf)                    date: 2015-04-30 11:31:30
(epstopdf)                    size: 9053 bytes.

<./inputg-eps-converted-to.pdf, id=395, 187.70125pt x 196.735pt>
File: ./inputg-eps-converted-to.pdf Graphic file (type pdf)

<use ./inputg-eps-converted-to.pdf>
Package pdftex.def Info: ./inputg-eps-converted-to.pdf used on input line 147.
(pdftex.def)             Requested size: 93.85039pt x 98.36725pt.
Package epstopdf Info: Source file: <./ad.eps>
(epstopdf)                    date: 2015-01-29 12:01:52
(epstopdf)                    size: 611957 bytes
(epstopdf)             Output file: <./ad-eps-converted-to.pdf>
(epstopdf)             Command: <repstopdf --outfile=./ad-eps-converted-to.pdf 
./ad.eps>
(epstopdf)             \includegraphics on input line 154.
runsystem(repstopdf --outfile=./ad-eps-converted-to.pdf ./ad.eps)...executed sa
fely (allowed).

Package epstopdf Info: Result file: <./ad-eps-converted-to.pdf>
(epstopdf)                    date: 2015-04-30 11:31:31
(epstopdf)                    size: 7136 bytes.

<./ad-eps-converted-to.pdf, id=398, 147.55125pt x 156.585pt>
File: ./ad-eps-converted-to.pdf Graphic file (type pdf)

<use ./ad-eps-converted-to.pdf>
Package pdftex.def Info: ./ad-eps-converted-to.pdf used on input line 154.
(pdftex.def)             Requested size: 73.77544pt x 78.2923pt.

Underfull \hbox (badness 10000) in paragraph at lines 155--155
[]\OT1/cmr/m/n/10 Figure 2.8:
 []


Underfull \hbox (badness 10000) in paragraph at lines 155--155
[]\OT1/cmr/m/n/10 Relationship be-
 []


Underfull \hbox (badness 5924) in paragraph at lines 155--155
\OT1/cmr/m/n/10 tween node $\OML/cmm/m/it/10 a$ \OT1/cmr/m/n/10 and
 []

Package epstopdf Info: Source file: <./eg.eps>
(epstopdf)                    date: 2015-01-29 12:01:52
(epstopdf)                    size: 709507 bytes
(epstopdf)             Output file: <./eg-eps-converted-to.pdf>
(epstopdf)             Command: <repstopdf --outfile=./eg-eps-converted-to.pdf 
./eg.eps>
(epstopdf)             \includegraphics on input line 161.
runsystem(repstopdf --outfile=./eg-eps-converted-to.pdf ./eg.eps)...executed sa
fely (allowed).

Package epstopdf Info: Result file: <./eg-eps-converted-to.pdf>
(epstopdf)                    date: 2015-04-30 11:31:32
(epstopdf)                    size: 7523 bytes.
<./eg-eps-converted-to.pdf, id=399, 169.63374pt x 158.5925pt>
File: ./eg-eps-converted-to.pdf Graphic file (type pdf)

<use ./eg-eps-converted-to.pdf>
Package pdftex.def Info: ./eg-eps-converted-to.pdf used on input line 161.
(pdftex.def)             Requested size: 84.81665pt x 79.29604pt.

Underfull \hbox (badness 10000) in paragraph at lines 162--162
[]\OT1/cmr/m/n/10 Figure 2.9:
 []


Underfull \hbox (badness 10000) in paragraph at lines 162--162
[]\OT1/cmr/m/n/10 Relationship be-
 []


Underfull \hbox (badness 6526) in paragraph at lines 162--162
\OT1/cmr/m/n/10 tween node $\OML/cmm/m/it/10 e$ \OT1/cmr/m/n/10 and
 []

Package epstopdf Info: Source file: <./ab2.eps>
(epstopdf)                    date: 2015-01-29 12:01:52
(epstopdf)                    size: 635676 bytes
(epstopdf)             Output file: <./ab2-eps-converted-to.pdf>
(epstopdf)             Command: <repstopdf --outfile=./ab2-eps-converted-to.pdf
 ./ab2.eps>
(epstopdf)             \includegraphics on input line 182.
runsystem(repstopdf --outfile=./ab2-eps-converted-to.pdf ./ab2.eps)...executed 
safely (allowed).

Package epstopdf Info: Result file: <./ab2-eps-converted-to.pdf>
(epstopdf)                    date: 2015-04-30 11:31:33
(epstopdf)                    size: 7372 bytes.
<./ab2-eps-converted-to.pdf, id=403, 157.58875pt x 152.57pt>
File: ./ab2-eps-converted-to.pdf Graphic file (type pdf)

<use ./ab2-eps-converted-to.pdf>
Package pdftex.def Info: ./ab2-eps-converted-to.pdf used on input line 182.
(pdftex.def)             Requested size: 78.79417pt x 76.2848pt.

Underfull \hbox (badness 1648) in paragraph at lines 183--183
[]\OT1/cmr/m/n/10 Figure 2.10: []Relationship be-
 []

Package epstopdf Info: Source file: <./ab1.eps>
(epstopdf)                    date: 2015-01-29 12:01:52
(epstopdf)                    size: 635609 bytes
(epstopdf)             Output file: <./ab1-eps-converted-to.pdf>
(epstopdf)             Command: <repstopdf --outfile=./ab1-eps-converted-to.pdf
 ./ab1.eps>
(epstopdf)             \includegraphics on input line 189.
runsystem(repstopdf --outfile=./ab1-eps-converted-to.pdf ./ab1.eps)...executed 
safely (allowed).

Package epstopdf Info: Result file: <./ab1-eps-converted-to.pdf>
(epstopdf)                    date: 2015-04-30 11:31:34
(epstopdf)                    size: 7091 bytes.
<./ab1-eps-converted-to.pdf, id=404, 157.58875pt x 152.57pt>
File: ./ab1-eps-converted-to.pdf Graphic file (type pdf)

<use ./ab1-eps-converted-to.pdf>
Package pdftex.def Info: ./ab1-eps-converted-to.pdf used on input line 189.
(pdftex.def)             Requested size: 78.79417pt x 76.2848pt.
Package epstopdf Info: Source file: <./ab3.eps>
(epstopdf)                    date: 2015-01-29 12:01:52
(epstopdf)                    size: 906375 bytes
(epstopdf)             Output file: <./ab3-eps-converted-to.pdf>
(epstopdf)             Command: <repstopdf --outfile=./ab3-eps-converted-to.pdf
 ./ab3.eps>
(epstopdf)             \includegraphics on input line 196.
runsystem(repstopdf --outfile=./ab3-eps-converted-to.pdf ./ab3.eps)...executed 
safely (allowed).

Package epstopdf Info: Result file: <./ab3-eps-converted-to.pdf>
(epstopdf)                    date: 2015-04-30 11:31:35
(epstopdf)                    size: 8808 bytes.

<./ab3-eps-converted-to.pdf, id=405, 225.84375pt x 152.57pt>
File: ./ab3-eps-converted-to.pdf Graphic file (type pdf)

<use ./ab3-eps-converted-to.pdf>
Package pdftex.def Info: ./ab3-eps-converted-to.pdf used on input line 196.
(pdftex.def)             Requested size: 112.92159pt x 76.2848pt.
 [29 <./sim-eps-converted-to.pdf>]
Package epstopdf Info: Source file: <./polished0.eps>
(epstopdf)                    date: 2015-01-29 12:01:52
(epstopdf)                    size: 635138 bytes
(epstopdf)             Output file: <./polished0-eps-converted-to.pdf>
(epstopdf)             Command: <repstopdf --outfile=./polished0-eps-converted-
to.pdf ./polished0.eps>
(epstopdf)             \includegraphics on input line 217.
runsystem(repstopdf --outfile=./polished0-eps-converted-to.pdf ./polished0.eps)
...executed safely (allowed).

Package epstopdf Info: Result file: <./polished0-eps-converted-to.pdf>
(epstopdf)                    date: 2015-04-30 11:31:36
(epstopdf)                    size: 7545 bytes.

<./polished0-eps-converted-to.pdf, id=425, 210.7875pt x 114.4275pt>
File: ./polished0-eps-converted-to.pdf Graphic file (type pdf)

<use ./polished0-eps-converted-to.pdf>
Package pdftex.def Info: ./polished0-eps-converted-to.pdf used on input line 21
7.
(pdftex.def)             Requested size: 105.3935pt x 57.21361pt.
Package epstopdf Info: Source file: <./polished1.eps>
(epstopdf)                    date: 2015-01-29 12:01:52
(epstopdf)                    size: 549031 bytes
(epstopdf)             Output file: <./polished1-eps-converted-to.pdf>
(epstopdf)             Command: <repstopdf --outfile=./polished1-eps-converted-
to.pdf ./polished1.eps>
(epstopdf)             \includegraphics on input line 224.
runsystem(repstopdf --outfile=./polished1-eps-converted-to.pdf ./polished1.eps)
...executed safely (allowed).

Package epstopdf Info: Result file: <./polished1-eps-converted-to.pdf>
(epstopdf)                    date: 2015-04-30 11:31:37
(epstopdf)                    size: 6900 bytes.

<./polished1-eps-converted-to.pdf, id=426, 144.54pt x 143.53625pt>
File: ./polished1-eps-converted-to.pdf Graphic file (type pdf)

<use ./polished1-eps-converted-to.pdf>
Package pdftex.def Info: ./polished1-eps-converted-to.pdf used on input line 22
4.
(pdftex.def)             Requested size: 72.2698pt x 71.76794pt.
Package epstopdf Info: Source file: <./polished2.eps>
(epstopdf)                    date: 2015-01-29 12:01:52
(epstopdf)                    size: 828500 bytes
(epstopdf)             Output file: <./polished2-eps-converted-to.pdf>
(epstopdf)             Command: <repstopdf --outfile=./polished2-eps-converted-
to.pdf ./polished2.eps>
(epstopdf)             \includegraphics on input line 231.
runsystem(repstopdf --outfile=./polished2-eps-converted-to.pdf ./polished2.eps)
...executed safely (allowed).

Package epstopdf Info: Result file: <./polished2-eps-converted-to.pdf>
(epstopdf)                    date: 2015-04-30 11:31:38
(epstopdf)                    size: 10637 bytes.

<./polished2-eps-converted-to.pdf, id=427, 180.675pt x 174.6525pt>
File: ./polished2-eps-converted-to.pdf Graphic file (type pdf)

<use ./polished2-eps-converted-to.pdf>
Package pdftex.def Info: ./polished2-eps-converted-to.pdf used on input line 23
1.
(pdftex.def)             Requested size: 90.33727pt x 87.32603pt.
Package epstopdf Info: Source file: <./polished3.eps>
(epstopdf)                    date: 2015-01-29 12:01:52
(epstopdf)                    size: 892027 bytes
(epstopdf)             Output file: <./polished3-eps-converted-to.pdf>
(epstopdf)             Command: <repstopdf --outfile=./polished3-eps-converted-
to.pdf ./polished3.eps>
(epstopdf)             \includegraphics on input line 238.
runsystem(repstopdf --outfile=./polished3-eps-converted-to.pdf ./polished3.eps)
...executed safely (allowed).

Package epstopdf Info: Result file: <./polished3-eps-converted-to.pdf>
(epstopdf)                    date: 2015-04-30 11:31:38
(epstopdf)                    size: 10104 bytes.

<./polished3-eps-converted-to.pdf, id=428, 214.8025pt x 157.58875pt>
File: ./polished3-eps-converted-to.pdf Graphic file (type pdf)

<use ./polished3-eps-converted-to.pdf>
Package pdftex.def Info: ./polished3-eps-converted-to.pdf used on input line 23
8.
(pdftex.def)             Requested size: 107.40099pt x 78.79417pt.

Overfull \hbox (21.99998pt too wide) in paragraph at lines 213--244
 [] 
 []

Package epstopdf Info: Source file: <./resemblance04.eps>
(epstopdf)                    date: 2015-01-29 12:01:52
(epstopdf)                    size: 761791 bytes
(epstopdf)             Output file: <./resemblance04-eps-converted-to.pdf>
(epstopdf)             Command: <repstopdf --outfile=./resemblance04-eps-conver
ted-to.pdf ./resemblance04.eps>
(epstopdf)             \includegraphics on input line 261.
runsystem(repstopdf --outfile=./resemblance04-eps-converted-to.pdf ./resemblanc
e04.eps)...executed safely (allowed).

Package epstopdf Info: Result file: <./resemblance04-eps-converted-to.pdf>
(epstopdf)                    date: 2015-04-30 11:31:39
(epstopdf)                    size: 9181 bytes.
<./resemblance04-eps-converted-to.pdf, id=432, 206.7725pt x 139.52126pt>
File: ./resemblance04-eps-converted-to.pdf Graphic file (type pdf)

<use ./resemblance04-eps-converted-to.pdf>
Package pdftex.def Info: ./resemblance04-eps-converted-to.pdf used on input lin
e 261.
(pdftex.def)             Requested size: 103.38599pt x 69.76045pt.
Package epstopdf Info: Source file: <./resemblance05.eps>
(epstopdf)                    date: 2015-01-29 12:01:52
(epstopdf)                    size: 517043 bytes
(epstopdf)             Output file: <./resemblance05-eps-converted-to.pdf>
(epstopdf)             Command: <repstopdf --outfile=./resemblance05-eps-conver
ted-to.pdf ./resemblance05.eps>
(epstopdf)             \includegraphics on input line 268.
runsystem(repstopdf --outfile=./resemblance05-eps-converted-to.pdf ./resemblanc
e05.eps)...executed safely (allowed).

Package epstopdf Info: Result file: <./resemblance05-eps-converted-to.pdf>
(epstopdf)                    date: 2015-04-30 11:31:40
(epstopdf)                    size: 7469 bytes.

<./resemblance05-eps-converted-to.pdf, id=433, 190.7125pt x 102.3825pt>
File: ./resemblance05-eps-converted-to.pdf Graphic file (type pdf)

<use ./resemblance05-eps-converted-to.pdf>
Package pdftex.def Info: ./resemblance05-eps-converted-to.pdf used on input lin
e 268.
(pdftex.def)             Requested size: 95.356pt x 51.19112pt.
Package epstopdf Info: Source file: <./pmi02.eps>
(epstopdf)                    date: 2015-01-29 12:01:52
(epstopdf)                    size: 538124 bytes
(epstopdf)             Output file: <./pmi02-eps-converted-to.pdf>
(epstopdf)             Command: <repstopdf --outfile=./pmi02-eps-converted-to.p
df ./pmi02.eps>
(epstopdf)             \includegraphics on input line 275.
runsystem(repstopdf --outfile=./pmi02-eps-converted-to.pdf ./pmi02.eps)...execu
ted safely (allowed).

Package epstopdf Info: Result file: <./pmi02-eps-converted-to.pdf>
(epstopdf)                    date: 2015-04-30 11:31:41
(epstopdf)                    size: 7124 bytes.

<./pmi02-eps-converted-to.pdf, id=434, 226.8475pt x 89.33376pt>
File: ./pmi02-eps-converted-to.pdf Graphic file (type pdf)

<use ./pmi02-eps-converted-to.pdf>
Package pdftex.def Info: ./pmi02-eps-converted-to.pdf used on input line 275.
(pdftex.def)             Requested size: 113.42346pt x 44.66676pt.
 [30 <./inputg-eps-converted-to.pdf> <./ad-eps-converted-to.pdf> <./eg-eps-conv
erted-to.pdf> <./ab2-eps-converted-to.pdf> <./ab1-eps-converted-to.pdf> <./ab3-
eps-converted-to.pdf> <./polished0-eps-converted-to.pdf> <./polished1-eps-conve
rted-to.pdf> <./polished2-eps-converted-to.pdf> <./polished3-eps-converted-to.p
df>]
Overfull \hbox (36.04863pt too wide) in paragraph at lines 345--345
[]\OT1/cmtt/m/n/10 mpolishing.rb i= f= o= [sim=R|P|C|s|S|T] th= [sup=] [-int] [
-indirect] [iter=] [log=] [T=] [--help][] 
 []


Overfull \hbox (30.79868pt too wide) in paragraph at lines 345--345
[]  \OT1/cmtt/m/n/10 th=    : Lower limit of degree of similarity (specified by
 sim=) as benchmark for edge extension[] 
 []


Overfull \hbox (477.04478pt too wide) in paragraph at lines 345--345
[]  \OT1/cmtt/m/n/10 sup=   : Add the condition intersection>=sup for the calcu
lation of similarity. Default is set as sup=0 if not defined. When sim=T is def
ined, this parameter will not be meaningful.[] 
 []


Overfull \hbox (36.04863pt too wide) in paragraph at lines 345--345
[]  \OT1/cmtt/m/n/10 -indirect: Exclude direct relationship  for adjacent nodes
 when calculating degree of similarity.[] 
 []


Overfull \hbox (51.7985pt too wide) in paragraph at lines 345--345
[]  \OT1/cmtt/m/n/10 log=   : Output file name of parameter settings and conver
gence information in CSV key-value format.[] 
 []

(./examples/tex/mpolishing_ex.tex
Missing character: There is no ã in font cmr10!
Missing character: There is no € in font cmr10!
Missing character: There is no ‚ in font cmr10!

Underfull \vbox (badness 10000) has occurred while \output is active []

 [31 <./resemblance04-eps-converted-to.pdf> <./resemblance05-eps-converted-to.p
df> <./pmi02-eps-converted-to.pdf>] [32]
Underfull \vbox (badness 10000) has occurred while \output is active []

 [33]
[34] [35])) [36]
\openout2 = `mtra2g.aux'.

 (./mtra2g.tex

LaTeX Warning: Reference `tbl mt2g_simdef' on page 37 undefined on input line 7
.

Missing character: There is no ã in font cmr10!
Missing character: There is no € in font cmr10!
Missing character: There is no œ in font cmr10!
Missing character: There is no ã in font cmr10!
Missing character: There is no € in font cmr10!
Missing character: There is no œ in font cmr10!
Missing character: There is no ã in font cmr10!
Missing character: There is no € in font cmr10!
Missing character: There is no œ in font cmr10!
Missing character: There is no ã in font cmr10!
Missing character: There is no € in font cmr10!
Missing character: There is no œ in font cmr10!

Overfull \hbox (18.66666pt too wide) in paragraph at lines 42--107
 [] 
 []

Package epstopdf Info: Source file: <./simg.eps>
(epstopdf)                    date: 2015-01-29 12:01:52
(epstopdf)                    size: 601291 bytes
(epstopdf)             Output file: <./simg-eps-converted-to.pdf>
(epstopdf)             Command: <repstopdf --outfile=./simg-eps-converted-to.pd
f ./simg.eps>
(epstopdf)             \includegraphics on input line 113.
runsystem(repstopdf --outfile=./simg-eps-converted-to.pdf ./simg.eps)...execute
d safely (allowed).

Package epstopdf Info: Result file: <./simg-eps-converted-to.pdf>
(epstopdf)                    date: 2015-04-30 11:31:42
(epstopdf)                    size: 20704 bytes.
<./simg-eps-converted-to.pdf, id=527, 168.63pt x 134.5025pt>
File: ./simg-eps-converted-to.pdf Graphic file (type pdf)

<use ./simg-eps-converted-to.pdf>
Package pdftex.def Info: ./simg-eps-converted-to.pdf used on input line 113.
(pdftex.def)             Requested size: 101.17877pt x 80.7021pt.
 [37


 <./simg-eps-converted-to.pdf>]
Overfull \hbox (120.0479pt too wide) in paragraph at lines 143--143
[]  \OT1/cmtt/m/n/10 s=     : Minimum support [(specified by percentage of tota
l number of transactions): real number between 0 and 1][] 
 []


Overfull \hbox (25.54872pt too wide) in paragraph at lines 143--143
[]           \OT1/cmtt/m/n/10 When not specified, the edge is extended based on
 the criteria specified at s= and S=.[] 
 []


Overfull \hbox (377.29565pt too wide) in paragraph at lines 143--143
[]  \OT1/cmtt/m/n/10 th=    :  Extend an edge between items with the degree of 
similarity above  the threshold value specified here. Type of degree of similar
ity is specified at sim=.[] 
 []

(./examples/tex/mtra2g_ex.tex [38])) [39]
\openout2 = `mclique.aux'.

 (./mclique.tex
Package epstopdf Info: Source file: <./clique.eps>
(epstopdf)                    date: 2015-01-29 12:01:52
(epstopdf)                    size: 2844614 bytes
(epstopdf)             Output file: <./clique-eps-converted-to.pdf>
(epstopdf)             Command: <repstopdf --outfile=./clique-eps-converted-to.
pdf ./clique.eps>
(epstopdf)             \includegraphics on input line 11.
runsystem(repstopdf --outfile=./clique-eps-converted-to.pdf ./clique.eps)...exe
cuted safely (allowed).

Package epstopdf Info: Result file: <./clique-eps-converted-to.pdf>
(epstopdf)                    date: 2015-04-30 11:31:43
(epstopdf)                    size: 61063 bytes.

<./clique-eps-converted-to.pdf, id=558, 610.28pt x 177.66376pt>
File: ./clique-eps-converted-to.pdf Graphic file (type pdf)

<use ./clique-eps-converted-to.pdf>
Package pdftex.def Info: ./clique-eps-converted-to.pdf used on input line 11.
(pdftex.def)             Requested size: 305.13925pt x 88.83165pt.

Overfull \hbox (15.33333pt too wide) in paragraph at lines 47--103
 [] 
 []


Overfull \hbox (9.79886pt too wide) in paragraph at lines 186--186
[]  \OT1/cmtt/m/n/10 o=     : Output file (Clique ID-Edge: cliqueID-node can be
 modified when -node is specified)[] 
 []

[40


 <./clique-eps-converted-to.pdf>] (./examples/tex/mclique_ex.tex [41]))
[42]
\openout2 = `mclique2g.aux'.

 (./mclique2g.tex
! Missing $ inserted.
<inserted text> 
                $
l.14 
     
? 

Overfull \hbox (988.59969pt too wide) in paragraph at lines 11--14
[]\OT1/cmr/m/n/10 Node $0$ and $1$ of max-i-mal clique graph has 1 ($\OML/cmm/m
/it/10 d\OT1/cmr/m/n/10 )\OML/cmm/m/it/10 commonnodewiththeoriginalgraph; thusa
nedgeisextendedtonode$\OT1/cmr/m/n/10 0$\OML/cmm/m/it/10 and$\OT1/cmr/m/n/10 1$
\OML/cmm/m/it/10 ; withaweightof\OT1/cmr/m/n/10 1\OML/cmm/m/it/10 :Similarly;$\
OT1/cmr/m/n/10 1$\OML/cmm/m/it/10 and$\OT1/cmr/m/n/10 2$\OML/cmm/m/it/10 contai
nstwocommonnodes\OT1/cmr/m/n/10 ($e,f$)\OML/cmm/m/it/10 ; anedgeisextendedtonod
e$\OT1/cmr/m/n/10 1$\OML/cmm/m/it/10 and$\OT1/cmr/m/n/10 2$\OML/cmm/m/it/10 ; a
ndtheweightbecomes\OT1/cmr/m/n/10 2\OML/cmm/m/it/10 :Ontheotherhand;$\OT1/cmr/m
/n/10 0$\OML/cmm/m/it/10 and$\OT1/cmr/m/n/10 2$\OML/cmm/m/it/10 donothavecommon
nodes; anedgeisnotextendedbetweennode$\OT1/cmr/m/n/10 0$\OML/cmm/m/it/10 and$\O
T1/cmr/m/n/10 2$\OML/cmm/m/it/10 :$ 
 []

Package epstopdf Info: Source file: <./clique2g_1.eps>
(epstopdf)                    date: 2015-01-29 12:01:52
(epstopdf)                    size: 43498 bytes
(epstopdf)             Output file: <./clique2g_1-eps-converted-to.pdf>
(epstopdf)             Command: <repstopdf --outfile=./clique2g_1-eps-converted
-to.pdf ./clique2g_1.eps>
(epstopdf)             \includegraphics on input line 17.
runsystem(repstopdf --outfile=./clique2g_1-eps-converted-to.pdf ./clique2g_1.ep
s)...executed safely (allowed).

Package epstopdf Info: Result file: <./clique2g_1-eps-converted-to.pdf>
(epstopdf)                    date: 2015-04-30 11:36:17
(epstopdf)                    size: 30482 bytes.
<./clique2g_1-eps-converted-to.pdf, id=595, 437.635pt x 202.7575pt>
File: ./clique2g_1-eps-converted-to.pdf Graphic file (type pdf)

<use ./clique2g_1-eps-converted-to.pdf>
Package pdftex.def Info: ./clique2g_1-eps-converted-to.pdf used on input line 1
7.
(pdftex.def)             Requested size: 218.81696pt x 101.3785pt.

Runaway argument?
{Contains 4 maximal cliques \{$a,b,c,d$\} \{$d,e,f$\} \{$e,f,g$\} \{$\ETC.
! Paragraph ended before \NR@gettitle was complete.
<to be read again> 
                   \par 
l.24 \label{fig:clique2g_1}}
                            
? 
! Extra }, or forgotten \endgroup.
<argument> ...,h$\}. \par \label {fig:clique2g_1}}
                                                  
l.24 \label{fig:clique2g_1}}
                            
? 
Runaway argument?
{\protect \numberline {\csname the\@captype \endcsname }{\ignorespaces \ETC.
! Paragraph ended before \addcontentsline was complete.
<to be read again> 
                   \par 
l.24 \label{fig:clique2g_1}}
                            
? 
! Extra }, or forgotten \endgroup.
\Hy@tempa ...e the#1\endcsname }{\ignorespaces #2}
                                                  }\begingroup \@parboxresto...
l.24 \label{fig:clique2g_1}}
                            
? 
! Extra }, or forgotten \endgroup.
\Hy@tempa ... the#1\endcsname }{\ignorespaces #2}}
                                                  \begingroup \@parboxrestor...
l.24 \label{fig:clique2g_1}}
                            
? 
Package epstopdf Info: Source file: <./clique2g_2.eps>
(epstopdf)                    date: 2015-01-29 12:01:52
(epstopdf)                    size: 40692 bytes
(epstopdf)             Output file: <./clique2g_2-eps-converted-to.pdf>
(epstopdf)             Command: <repstopdf --outfile=./clique2g_2-eps-converted
-to.pdf ./clique2g_2.eps>
(epstopdf)             \includegraphics on input line 30.
runsystem(repstopdf --outfile=./clique2g_2-eps-converted-to.pdf ./clique2g_2.ep
s)...executed safely (allowed).

Package epstopdf Info: Result file: <./clique2g_2-eps-converted-to.pdf>
(epstopdf)                    date: 2015-04-30 11:37:40
(epstopdf)                    size: 25073 bytes.
<./clique2g_2-eps-converted-to.pdf, id=596, 390.45876pt x 201.75375pt>
File: ./clique2g_2-eps-converted-to.pdf Graphic file (type pdf)

<use ./clique2g_2-eps-converted-to.pdf>
Package pdftex.def Info: ./clique2g_2-eps-converted-to.pdf used on input line 3
0.
(pdftex.def)             Requested size: 195.2289pt x 100.87662pt.


LaTeX Warning: Reference `tbl: clique2g_1' on page 43 undefined on input line 3
5.

[43


 <./clique2g_1-eps-converted-to.pdf> <./clique2g_2-eps-converted-to.pdf>]
(./examples/tex/mclique2g_ex.tex
Missing character: There is no ä in font cmbx10!
Missing character: There is no ¾ in font cmbx10!
Missing character: There is no ‹ in font cmbx10!
)) [44]
\openout2 = `mbiclique.aux'.

 (./mbiclique.tex
Package epstopdf Info: Source file: <./biclique.eps>
(epstopdf)                    date: 2015-01-29 12:01:52
(epstopdf)                    size: 163274 bytes
(epstopdf)             Output file: <./biclique-eps-converted-to.pdf>
(epstopdf)             Command: <repstopdf --outfile=./biclique-eps-converted-t
o.pdf ./biclique.eps>
(epstopdf)             \includegraphics on input line 12.
runsystem(repstopdf --outfile=./biclique-eps-converted-to.pdf ./biclique.eps)..
.executed safely (allowed).

Package epstopdf Info: Result file: <./biclique-eps-converted-to.pdf>
(epstopdf)                    date: 2015-04-30 11:37:41
(epstopdf)                    size: 29720 bytes.

<./biclique-eps-converted-to.pdf, id=630, 527.9725pt x 217.81375pt>
File: ./biclique-eps-converted-to.pdf Graphic file (type pdf)

<use ./biclique-eps-converted-to.pdf>
Package pdftex.def Info: ./biclique-eps-converted-to.pdf used on input line 12.

(pdftex.def)             Requested size: 263.9856pt x 108.9066pt.

Underfull \hbox (badness 1924) in paragraph at lines 47--47
[]\OT1/cmr/m/n/10 Table 2.34: []Input Data(Edge
 []


Overfull \hbox (30.79868pt too wide) in paragraph at lines 118--118
[]     \OT1/cmtt/m/n/10 : Maximal bipartite cliques smaller than the the value 
specified here will not be enumerated.[] 
 []

[45


 <./biclique-eps-converted-to.pdf>] (./examples/tex/mbiclique_ex.tex
[46] [47])) [48]
\openout2 = `mgdiff.aux'.

 (./mgdiff.tex
Overfull \hbox (204.04716pt too wide) in paragraph at lines 27--27
[]  \OT1/cmtt/m/n/10 F= : Field name of 2 nodes connected to the edge  in the r
eference file  (this parameter is not required if it is the same as f=)[] 
 []


Overfull \hbox (41.29858pt too wide) in paragraph at lines 27--27
[]       \OT1/cmtt/m/n/10 Output the edge (node pair) from graph 1 data and gra
ph 2 data based on the following values.[] 
 []

(./examples/tex/mgdiff_ex.tex)) [49


]
\openout2 = `mcliqueInfo.aux'.

 (./mcliqueInfo.tex
Package epstopdf Info: Source file: <./mcinfo_1.eps>
(epstopdf)                    date: 2015-01-29 12:01:52
(epstopdf)                    size: 43498 bytes
(epstopdf)             Output file: <./mcinfo_1-eps-converted-to.pdf>
(epstopdf)             Command: <repstopdf --outfile=./mcinfo_1-eps-converted-t
o.pdf ./mcinfo_1.eps>
(epstopdf)             \includegraphics on input line 33.
runsystem(repstopdf --outfile=./mcinfo_1-eps-converted-to.pdf ./mcinfo_1.eps)..
.executed safely (allowed).

Package epstopdf Info: Result file: <./mcinfo_1-eps-converted-to.pdf>
(epstopdf)                    date: 2015-04-30 11:37:42
(epstopdf)                    size: 30482 bytes.

<./mcinfo_1-eps-converted-to.pdf, id=692, 437.635pt x 202.7575pt>
File: ./mcinfo_1-eps-converted-to.pdf Graphic file (type pdf)

<use ./mcinfo_1-eps-converted-to.pdf>
Package pdftex.def Info: ./mcinfo_1-eps-converted-to.pdf used on input line 33.

(pdftex.def)             Requested size: 131.2915pt x 60.82771pt.
Missing character: There is no ã in font cmr10!
Missing character: There is no € in font cmr10!
Missing character: There is no  in font cmr10!
Missing character: There is no ã in font cmr10!
Missing character: There is no € in font cmr10!
Missing character: There is no  in font cmr10!
Missing character: There is no ã in font cmr10!
Missing character: There is no € in font cmr10!
Missing character: There is no  in font cmr10!
Missing character: There is no ã in font cmr10!
Missing character: There is no € in font cmr10!
Missing character: There is no  in font cmr10!
Missing character: There is no ã in font cmr10!
Missing character: There is no € in font cmr10!
Missing character: There is no  in font cmr10!
Missing character: There is no ã in font cmr10!
Missing character: There is no € in font cmr10!
Missing character: There is no  in font cmr10!

Underfull \hbox (badness 10000) in paragraph at lines 35--35
[]\OT1/cmr/m/n/10 Figure 2.25: []Graph of enu-mer-a-tion of max-
 []


Underfull \hbox (badness 10000) in paragraph at lines 35--35
\OT1/cmr/m/n/10 i-mal clique. Con-tains 4 max-i-mal cliques
 []


Overfull \hbox (0.65228pt too wide) in paragraph at lines 35--35
\OMS/cmsy/m/n/10 f\OT1/cmr/m/n/10 a,b,c,d\OMS/cmsy/m/n/10 g\OT1/cmr/m/n/10 (id=
0)\OMS/cmsy/m/n/10 f\OT1/cmr/m/n/10 d,e,f\OMS/cmsy/m/n/10 g\OT1/cmr/m/n/10 (id=
1)\OMS/cmsy/m/n/10 f\OT1/cmr/m/n/10 e,f,g\OMS/cmsy/m/n/10 g\OT1/cmr/m/n/10 (id=
2)\OMS/cmsy/m/n/10 f\OT1/cmr/m/n/10 e,f,h\OMS/cmsy/m/n/10 g\OT1/cmr/m/n/10 (id=
3).[] 
 []

Package epstopdf Info: Source file: <./mcinfo_2.eps>
(epstopdf)                    date: 2015-01-29 12:01:52
(epstopdf)                    size: 40692 bytes
(epstopdf)             Output file: <./mcinfo_2-eps-converted-to.pdf>
(epstopdf)             Command: <repstopdf --outfile=./mcinfo_2-eps-converted-t
o.pdf ./mcinfo_2.eps>
(epstopdf)             \includegraphics on input line 41.
runsystem(repstopdf --outfile=./mcinfo_2-eps-converted-to.pdf ./mcinfo_2.eps)..
.executed safely (allowed).

Package epstopdf Info: Result file: <./mcinfo_2-eps-converted-to.pdf>
(epstopdf)                    date: 2015-04-30 11:37:43
(epstopdf)                    size: 25073 bytes.
<./mcinfo_2-eps-converted-to.pdf, id=693, 390.45876pt x 201.75375pt>
File: ./mcinfo_2-eps-converted-to.pdf Graphic file (type pdf)

<use ./mcinfo_2-eps-converted-to.pdf>
Package pdftex.def Info: ./mcinfo_2-eps-converted-to.pdf used on input line 41.

(pdftex.def)             Requested size: 117.13852pt x 60.52658pt.

Runaway argument?
{Maximal clique graph. The graph in Figure \ref {fig:mcinfo_1} shows \ETC.
! Paragraph ended before \NR@gettitle was complete.
<to be read again> 
                   \par 
l.45 \label{fig:mcinfo_2}}
                          
? 
! Extra }, or forgotten \endgroup.
<argument> ... format. \par \label {fig:mcinfo_2}}
                                                  
l.45 \label{fig:mcinfo_2}}
                          
? 
Runaway argument?
{\protect \numberline {\csname the\@captype \endcsname }{\ignorespaces \ETC.
! Paragraph ended before \addcontentsline was complete.
<to be read again> 
                   \par 
l.45 \label{fig:mcinfo_2}}
                          
? 
! Extra }, or forgotten \endgroup.
\Hy@tempa ...e the#1\endcsname }{\ignorespaces #2}
                                                  }\begingroup \@parboxresto...
l.45 \label{fig:mcinfo_2}}
                          
? 
! Extra }, or forgotten \endgroup.
\Hy@tempa ... the#1\endcsname }{\ignorespaces #2}}
                                                  \begingroup \@parboxrestor...
l.45 \label{fig:mcinfo_2}}
                          
? 

Overfull \hbox (15.33333pt too wide) in paragraph at lines 29--50
 [] 
 []

Package epstopdf Info: Source file: <./mcinfo_3.eps>
(epstopdf)                    date: 2015-01-29 12:01:52
(epstopdf)                    size: 75322 bytes
(epstopdf)             Output file: <./mcinfo_3-eps-converted-to.pdf>
(epstopdf)             Command: <repstopdf --outfile=./mcinfo_3-eps-converted-t
o.pdf ./mcinfo_3.eps>
(epstopdf)             \includegraphics on input line 59.
runsystem(repstopdf --outfile=./mcinfo_3-eps-converted-to.pdf ./mcinfo_3.eps)..
.executed safely (allowed).

Package epstopdf Info: Result file: <./mcinfo_3-eps-converted-to.pdf>
(epstopdf)                    date: 2015-04-30 11:37:44
(epstopdf)                    size: 44018 bytes.
<./mcinfo_3-eps-converted-to.pdf, id=698, 586.19pt x 208.78pt>
File: ./mcinfo_3-eps-converted-to.pdf Graphic file (type pdf)

<use ./mcinfo_3-eps-converted-to.pdf>
Package pdftex.def Info: ./mcinfo_3-eps-converted-to.pdf used on input line 59.

(pdftex.def)             Requested size: 175.85835pt x 62.63448pt.


LaTeX Warning: Reference `sect: mclique2g' on page 50 undefined on input line 7
0.


LaTeX Warning: Reference `tbl: clique2g_1' on page 50 undefined on input line 7
0.


LaTeX Warning: Reference `tbl: mcinfo_3' on page 50 undefined on input line 71.



Overfull \hbox (15.33331pt too wide) in paragraph at lines 76--124
 [] 
 []

(./examples/tex/mcliqueInfo_ex.tex
Missing character: There is no ä in font cmbx10!
Missing character: There is no ¾ in font cmbx10!
Missing character: There is no ‹ in font cmbx10!

Underfull \vbox (badness 2343) has occurred while \output is active []

 [50


 <./mcinfo_1-eps-converted-to.pdf> <./mcinfo_2-eps-converted-to.pdf> <./mcinfo_
3-eps-converted-to.pdf>])) [51]
\openout2 = `bib.aux'.

 (./bib.tex [52



]
Missing character: There is no å in font cmr10!
Missing character: There is no ® in font cmr10!
Missing character: There is no ‡ in font cmr10!
Missing character: There is no é in font cmr10!
Missing character: There is no ‡ in font cmr10!
Missing character: There is no Ž in font cmr10!
Missing character: There is no æ in font cmr10!
Missing character: There is no ¯ in font cmr10!
Missing character: There is no … in font cmr10!
Missing character: There is no æ in font cmr10!
Missing character: There is no ˜ in font cmr10!
Missing character: There is no Ž in font cmr10!
Missing character: There is no ä in font cmr10!
Missing character: There is no ¸ in font cmr10!
Missing character: There is no ­ in font cmr10!
Missing character: There is no å in font cmr10!
Missing character: There is no Ž in font cmr10!
Missing character: There is no Ÿ in font cmr10!
Missing character: There is no å in font cmr10!
Missing character: There is no ­ in font cmr10!
Missing character: There is no  in font cmr10!
Missing character: There is no ä in font cmr10!
Missing character: There is no ¿ in font cmr10!
Missing character: There is no ¡ in font cmr10!
Missing character: There is no å in font cmr10!
Missing character: There is no ‰ in font cmr10!
Missing character: There is no  in font cmr10!
Missing character: There is no å in font cmr10!
Missing character: There is no · in font cmr10!
Missing character: There is no  in font cmr10!
Missing character: There is no æ in font cmr10!
Missing character: There is no µ in font cmr10!
Missing character: There is no © in font cmr10!
Missing character: There is no å in font cmr10!
Missing character: There is no Ÿ in font cmr10!
Missing character: There is no º in font cmr10!
Missing character: There is no ç in font cmr10!
Missing character: There is no ¾ in font cmr10!
Missing character: There is no ½ in font cmr10!
Missing character: There is no å in font cmr10!
Missing character: There is no ® in font cmr10!
Missing character: There is no ¤ in font cmr10!
Missing character: There is no è in font cmr10!
Missing character: There is no ¡ in font cmr10!
Missing character: There is no Œ in font cmr10!
Missing character: There is no ä in font cmr10!
Missing character: There is no ¿ in font cmr10!
Missing character: There is no ¡ in font cmr10!
Missing character: There is no ã in font cmr10!
Missing character: There is no € in font cmr10!
Missing character: There is no Œ in font cmr10!
Missing character: There is no ã in font cmr10!
Missing character: There is no ƒ in font cmr10!
Missing character: There is no ‡ in font cmr10!
Missing character: There is no ã in font cmr10!
Missing character: There is no ƒ in font cmr10!
Missing character: There is no ¼ in font cmr10!
Missing character: There is no ã in font cmr10!
Missing character: There is no ‚ in font cmr10!
Missing character: There is no ¿ in font cmr10!
Missing character: There is no ç in font cmr10!
Missing character: There is no   in font cmr10!
Missing character: There is no ” in font cmr10!
Missing character: There is no ç in font cmr10!
Missing character: There is no £ in font cmr10!
Missing character: There is no ¨ in font cmr10!
Missing character: There is no ã in font cmr10!
Missing character: There is no  in font cmr10!
Missing character: There is no « in font cmr10!
Missing character: There is no ã in font cmr10!
Missing character: There is no ‚ in font cmr10!
Missing character: There is no ˆ in font cmr10!
Missing character: There is no ã in font cmr10!
Missing character: There is no ‚ in font cmr10!
Missing character: There is no ‹ in font cmr10!
Missing character: There is no ã in font cmr10!
Missing character: There is no ‚ in font cmr10!
Missing character: There is no ¯ in font cmr10!
Missing character: There is no ã in font cmr10!
Missing character: There is no ƒ in font cmr10!
Missing character: There is no ª in font cmr10!
Missing character: There is no ã in font cmr10!
Missing character: There is no ƒ in font cmr10!
Missing character: There is no ¼ in font cmr10!
Missing character: There is no ã in font cmr10!
Missing character: There is no ‚ in font cmr10!
Missing character: There is no ¯ in font cmr10!
Missing character: There is no å in font cmr10!
Missing character: There is no ˆ in font cmr10!
Missing character: There is no — in font cmr10!
Missing character: There is no æ in font cmr10!
Missing character: There is no Œ in font cmr10!
Missing character: There is no ™ in font cmr10!
Missing character: There is no ã in font cmr10!
Missing character: There is no ‚ in font cmr10!
Missing character: There is no ¯ in font cmr10!
Missing character: There is no ã in font cmr10!
Missing character: There is no ƒ in font cmr10!
Missing character: There is no © in font cmr10!
Missing character: There is no ã in font cmr10!
Missing character: There is no ‚ in font cmr10!
Missing character: There is no ¹ in font cmr10!
Missing character: There is no ã in font cmr10!
Missing character: There is no ‚ in font cmr10!
Missing character: There is no ¿ in font cmr10!
Missing character: There is no ã in font cmr10!
Missing character: There is no ƒ in font cmr10!
Missing character: There is no ª in font cmr10!
Missing character: There is no ã in font cmr10!
Missing character: There is no ƒ in font cmr10!
Missing character: There is no ³ in font cmr10!
Missing character: There is no ã in font cmr10!
Missing character: There is no ‚ in font cmr10!
Missing character: There is no ° in font cmr10!
Missing character: There is no ã in font cmr10!
Missing character: There is no € in font cmr10!
Missing character: There is no  in font cmr10!
Missing character: There is no æ in font cmr10!
Missing character: There is no ƒ in font cmr10!
Missing character: There is no … in font cmr10!
Missing character: There is no å in font cmr10!
Missing character: There is no   in font cmr10!
Missing character: There is no ± in font cmr10!
Missing character: There is no å in font cmr10!
Missing character: There is no ‡ in font cmr10!
Missing character: There is no ¦ in font cmr10!
Missing character: There is no ç in font cmr10!
Missing character: There is no  in font cmr10!
Missing character: There is no † in font cmr10!
Missing character: There is no å in font cmr10!
Missing character: There is no ­ in font cmr10!
Missing character: There is no ¦ in font cmr10!
Missing character: There is no ä in font cmr10!
Missing character: There is no ¼ in font cmr10!
Missing character: There is no š in font cmr10!
Missing character: There is no ã in font cmr10!
Missing character: There is no ‚ in font cmr10!
Missing character: There is no ¢ in font cmr10!
Missing character: There is no ã in font cmr10!
Missing character: There is no ƒ in font cmr10!
Missing character: There is no « in font cmr10!
Missing character: There is no ã in font cmr10!
Missing character: There is no ‚ in font cmr10!
Missing character: There is no ´ in font cmr10!
Missing character: There is no ã in font cmr10!
Missing character: There is no ƒ in font cmr10!
Missing character: There is no ª in font cmr10!
Missing character: There is no ã in font cmr10!
Missing character: There is no ‚ in font cmr10!
Missing character: There is no º in font cmr10!
Missing character: There is no ã in font cmr10!
Missing character: There is no ƒ in font cmr10!
Missing character: There is no   in font cmr10!
Missing character: There is no ç in font cmr10!
Missing character: There is no   in font cmr10!
Missing character: There is no ” in font cmr10!
Missing character: There is no ç in font cmr10!
Missing character: There is no © in font cmr10!
Missing character: There is no ¶ in font cmr10!
Missing character: There is no ä in font cmr10!
Missing character: There is no ¼ in font cmr10!
Missing character: There is no š in font cmr10!
Missing character: There is no å in font cmr10!
Missing character: There is no   in font cmr10!
Missing character: There is no ± in font cmr10!
Missing character: There is no å in font cmr10!
Missing character: There is no ‘ in font cmr10!
Missing character: There is no Š in font cmr10!
Missing character: There is no æ in font cmr10!
Missing character: There is no › in font cmr10!
Missing character: There is no ¸ in font cmr10!
) [53]
Package atveryend Info: Empty hook `BeforeClearDocument' on input line 62.
Package atveryend Info: Empty hook `AfterLastShipout' on input line 62.
 (./take.aux (./abstract.aux)
(./mitemset.aux) (./msequence.aux) (./mpolishing.aux) (./mtra2g.aux)
(./mclique.aux) (./mclique2g.aux) (./mbiclique.aux) (./mgdiff.aux)
(./mcliqueInfo.aux) (./bib.aux))
Package atveryend Info: Executing hook `AtVeryEndDocument' on input line 62.
Package atveryend Info: Executing hook `AtEndAfterFileList' on input line 62.
Package rerunfilecheck Info: File `take.out' has not changed.
(rerunfilecheck)             Checksum: C3EEA4F9539505D37B3768B1F722DD56;987.


LaTeX Warning: There were undefined references.


LaTeX Warning: There were multiply-defined labels.

Package atveryend Info: Empty hook `AtVeryVeryEnd' on input line 62.
 ) 
Here is how much of TeX's memory you used:
 7021 strings out of 493315
 104835 string characters out of 6137905
 221880 words of memory out of 5000000
 10020 multiletter control sequences out of 15000+600000
 15588 words of font info for 54 fonts, out of 8000000 for 9000
 957 hyphenation exceptions out of 8191
 36i,16n,30p,1175b,489s stack positions out of 5000i,500n,10000p,200000b,80000s
</usr/local/texlive/2013/texmf-dist/fonts/type1/public/amsfonts/cm/cmbx10.pfb
></usr/local/texlive/2013/texmf-dist/fonts/type1/public/amsfonts/cm/cmbx12.pfb>
</usr/local/texlive/2013/texmf-dist/fonts/type1/public/amsfonts/cm/cmbx9.pfb></
usr/local/texlive/2013/texmf-dist/fonts/type1/public/amsfonts/cm/cmcsc10.pfb></
usr/local/texlive/2013/texmf-dist/fonts/type1/public/amsfonts/cm/cmex10.pfb></u
sr/local/texlive/2013/texmf-dist/fonts/type1/public/amsfonts/cm/cmmi10.pfb></us
r/local/texlive/2013/texmf-dist/fonts/type1/public/amsfonts/cm/cmmi5.pfb></usr/
local/texlive/2013/texmf-dist/fonts/type1/public/amsfonts/cm/cmmi6.pfb></usr/lo
cal/texlive/2013/texmf-dist/fonts/type1/public/amsfonts/cm/cmmi7.pfb></usr/loca
l/texlive/2013/texmf-dist/fonts/type1/public/amsfonts/cm/cmmi9.pfb></usr/local/
texlive/2013/texmf-dist/fonts/type1/public/amsfonts/cm/cmr10.pfb></usr/local/te
xlive/2013/texmf-dist/fonts/type1/public/amsfonts/cm/cmr17.pfb></usr/local/texl
ive/2013/texmf-dist/fonts/type1/public/amsfonts/cm/cmr5.pfb></usr/local/texlive
/2013/texmf-dist/fonts/type1/public/amsfonts/cm/cmr6.pfb></usr/local/texlive/20
13/texmf-dist/fonts/type1/public/amsfonts/cm/cmr7.pfb></usr/local/texlive/2013/
texmf-dist/fonts/type1/public/amsfonts/cm/cmr8.pfb></usr/local/texlive/2013/tex
mf-dist/fonts/type1/public/amsfonts/cm/cmr9.pfb></usr/local/texlive/2013/texmf-
dist/fonts/type1/public/amsfonts/cm/cmsl10.pfb></usr/local/texlive/2013/texmf-d
ist/fonts/type1/public/amsfonts/cm/cmsy10.pfb></usr/local/texlive/2013/texmf-di
st/fonts/type1/public/amsfonts/cm/cmsy6.pfb></usr/local/texlive/2013/texmf-dist
/fonts/type1/public/amsfonts/cm/cmsy7.pfb></usr/local/texlive/2013/texmf-dist/f
onts/type1/public/amsfonts/cm/cmsy9.pfb></usr/local/texlive/2013/texmf-dist/fon
ts/type1/public/amsfonts/cm/cmti10.pfb></usr/local/texlive/2013/texmf-dist/font
s/type1/public/amsfonts/cm/cmtt10.pfb>
Output written on take.pdf (53 pages, 1055878 bytes).
PDF statistics:
 870 PDF objects out of 1000 (max. 8388607)
 710 compressed objects within 8 object streams
 220 named destinations out of 1000 (max. 500000)
 232 words of extra memory for PDF output out of 10000 (max. 10000000)

